<?xml version="1.0" encoding="UTF-8"?>
<!-- Generated by org.testng.reporters.JUnitXMLReporter -->
<testsuite hostname="BODHPLAPTOP" name="Default test" tests="2" failures="0" timestamp="21 Jan 2016 18:48:17 GMT" time="0.049" errors="0">
  <testcase name="@BeforeTest initializeTestData" time="0.0" classname="sprint2.US10_PhysicalInventoryRawItemLongDescription">
    <failure type="org.testng.TestNGException" message="
Parameter &amp;apos;browser&amp;apos; is required by @Configuration on method initializeTestData but has not been marked @Optional or defined
in C:\Users\gjann\AppData\Local\Temp\testng-eclipse--1616204348\testng-customsuite.xml">
      <![CDATA[org.testng.TestNGException: 
Parameter 'browser' is required by @Configuration on method initializeTestData but has not been marked @Optional or defined
in C:\Users\gjann\AppData\Local\Temp\testng-eclipse--1616204348\testng-customsuite.xml
	at org.testng.internal.Parameters.createParameters(Parameters.java:154)
	at org.testng.internal.Parameters.createParameters(Parameters.java:361)
	at org.testng.internal.Parameters.createConfigurationParameters(Parameters.java:84)
	at org.testng.internal.Invoker.invokeConfigurations(Invoker.java:201)
	at org.testng.internal.Invoker.invokeConfigurations(Invoker.java:142)
	at org.testng.TestRunner.beforeRun(TestRunner.java:656)
	at org.testng.TestRunner.run(TestRunner.java:624)
	at org.testng.SuiteRunner.runTest(SuiteRunner.java:366)
	at org.testng.SuiteRunner.runSequentially(SuiteRunner.java:361)
	at org.testng.SuiteRunner.privateRun(SuiteRunner.java:319)
	at org.testng.SuiteRunner.run(SuiteRunner.java:268)
	at org.testng.SuiteRunnerWorker.runSuite(SuiteRunnerWorker.java:52)
	at org.testng.SuiteRunnerWorker.run(SuiteRunnerWorker.java:86)
	at org.testng.TestNG.runSuitesSequentially(TestNG.java:1244)
	at org.testng.TestNG.runSuitesLocally(TestNG.java:1169)
	at org.testng.TestNG.run(TestNG.java:1064)
	at org.testng.remote.RemoteTestNG.run(RemoteTestNG.java:113)
	at org.testng.remote.RemoteTestNG.initAndRun(RemoteTestNG.java:206)
	at org.testng.remote.RemoteTestNG.main(RemoteTestNG.java:177)
]]>
    </failure>
  </testcase> <!-- @BeforeTest initializeTestData -->
  <testcase name="@BeforeMethod beforeMethod" time="0.0" classname="sprint2.US10_PhysicalInventoryRawItemLongDescription">
    <skipped/>
  </testcase> <!-- @BeforeMethod beforeMethod -->
  <testcase name="@AfterMethod afterMethod" time="0.0" classname="sprint2.US10_PhysicalInventoryRawItemLongDescription">
    <skipped/>
  </testcase> <!-- @AfterMethod afterMethod -->
  <testcase name="@BeforeMethod beforeMethod" time="0.0" classname="sprint2.US10_PhysicalInventoryRawItemLongDescription">
    <skipped/>
  </testcase> <!-- @BeforeMethod beforeMethod -->
  <testcase name="@AfterMethod afterMethod" time="0.0" classname="sprint2.US10_PhysicalInventoryRawItemLongDescription">
    <skipped/>
  </testcase> <!-- @AfterMethod afterMethod -->
  <testcase name="@AfterTest afterTest" time="0.0" classname="sprint2.US10_PhysicalInventoryRawItemLongDescription">
    <skipped/>
  </testcase> <!-- @AfterTest afterTest -->
  <testcase name="sprint2_US10_TC1971" time="0.001" classname="sprint2.US10_PhysicalInventoryRawItemLongDescription">
    <skipped/>
  </testcase> <!-- sprint2_US10_TC1971 -->
  <testcase name="sprint2_US10_TC1973" time="0.001" classname="sprint2.US10_PhysicalInventoryRawItemLongDescription">
    <skipped/>
  </testcase> <!-- sprint2_US10_TC1973 -->
</testsuite> <!-- Default test -->
